<?xml version="1.0" encoding="UTF-8"?>
<!-- Generated by org.testng.reporters.JUnitReportReporter -->
<testsuite skipped="0" hostname="DESKTOP-CN3CBMR" name="pack1.Testexampl" tests="3" failures="0" timestamp="01 Nov 2021 16:43:26 GMT" time="146.196" errors="0">
  <testcase name="laptoptest" time="57.566" classname="pack1.Testexampl"/>
  <testcase name="spktest" time="45.492" classname="pack1.Testexampl"/>
  <testcase name="tablettest" time="43.138" classname="pack1.Testexampl"/>
</testsuite> <!-- pack1.Testexampl -->
